2025-06-29 13:41:42 - [INFO]: User Registered Successfully - shuvams302@gmail.com
2025-06-29 13:51:10 - [INFO]: OTP sent to +919153347189
2025-06-29 13:51:38 - [INFO]: User verified successfully: shuvams302@gmail.com
2025-06-29 13:52:43 - [INFO]: User logged in: shuvams302@gmail.com
2025-06-29 13:57:43 - [INFO]: User logged out
2025-07-03 22:08:30 - [INFO]: User logged in: shuvams302@gmail.com
2025-07-08 11:55:45 - [INFO]: Fetched user data successfully for user ID - 6860f53e0635b007839ed016
2025-07-08 11:55:45 - [INFO]: Fetched user data successfully for user ID - 6860f53e0635b007839ed016
2025-07-08 11:55:49 - [INFO]: Fetched user data successfully for user ID - 6860f53e0635b007839ed016
2025-07-08 11:55:49 - [INFO]: Fetched user data successfully for user ID - 6860f53e0635b007839ed016
2025-07-08 11:58:37 - [INFO]: Fetched user data successfully for user ID - 6860f53e0635b007839ed016
2025-07-08 11:58:37 - [INFO]: Fetched user data successfully for user ID - 6860f53e0635b007839ed016
2025-07-08 11:59:11 - [INFO]: Fetched user data successfully for user ID - 6860f53e0635b007839ed016
2025-07-08 11:59:11 - [INFO]: Fetched user data successfully for user ID - 6860f53e0635b007839ed016
2025-07-08 12:01:32 - [INFO]: Fetched user data successfully for user ID - 6860f53e0635b007839ed016
2025-07-08 12:01:33 - [INFO]: Fetched user data successfully for user ID - 6860f53e0635b007839ed016
2025-07-08 12:04:03 - [INFO]: User logged out
2025-07-08 12:14:58 - [INFO]: User logged in: shuvams302@gmail.com
2025-07-08 12:15:13 - [INFO]: User logged out
2025-07-08 12:15:49 - [WARN]: Login failed: Invalid password for user - shuvams302@gmail.com
2025-07-08 12:15:58 - [INFO]: User logged in: shuvams302@gmail.com
2025-07-08 13:35:02 - [INFO]: User logged in: shuvams302@gmail.com
2025-07-08 13:37:35 - [INFO]: Fetched user data successfully for user ID - 6860f53e0635b007839ed016
2025-07-08 13:40:19 - [ERROR]: Error in deleting user account Cannot read properties of undefined (reading 'id')
2025-07-08 13:42:49 - [INFO]: user account deleted 6860f53e0635b007839ed016
2025-07-08 13:44:23 - [INFO]: User Registered Successfully - shuvams302@gmail.com
2025-07-08 13:44:32 - [INFO]: OTP sent to +919153347189
2025-07-08 13:44:57 - [INFO]: User verified successfully: shuvams302@gmail.com
2025-07-08 17:10:44 - [INFO]: Fetched user data successfully for user ID - 686cd35e4299051faa1f4b79
2025-07-08 17:10:44 - [INFO]: Fetched user data successfully for user ID - 686cd35e4299051faa1f4b79
2025-07-08 17:19:49 - [INFO]: User logged in: shuvams302@gmail.com
2025-07-08 17:21:16 - [INFO]: Profile photo updated for user ID: 686cd35e4299051faa1f4b79
2025-07-08 17:25:06 - [INFO]: Fetched user data successfully for user ID - 686cd35e4299051faa1f4b79
2025-07-08 17:25:06 - [INFO]: Fetched user data successfully for user ID - 686cd35e4299051faa1f4b79
2025-07-08 17:27:10 - [INFO]: Fetched user data successfully for user ID - 686cd35e4299051faa1f4b79
2025-07-08 17:27:10 - [INFO]: Fetched user data successfully for user ID - 686cd35e4299051faa1f4b79
2025-07-08 17:27:24 - [INFO]: User logged out
2025-07-08 17:27:52 - [INFO]: User logged in: shuvams302@gmail.com
2025-07-08 17:30:53 - [INFO]: Fetched user data successfully for user ID - 686cd35e4299051faa1f4b79
2025-07-08 17:30:53 - [INFO]: Fetched user data successfully for user ID - 686cd35e4299051faa1f4b79
2025-07-08 17:31:13 - [INFO]: Fetched user data successfully for user ID - 686cd35e4299051faa1f4b79
2025-07-08 17:31:13 - [INFO]: Fetched user data successfully for user ID - 686cd35e4299051faa1f4b79
2025-07-08 17:33:42 - [ERROR]: Error in updating profile profilePic is not defined
2025-07-08 17:34:36 - [INFO]: Updated user profile for ID: 686cd35e4299051faa1f4b79
2025-07-08 17:35:19 - [INFO]: Updated user profile for ID: 686cd35e4299051faa1f4b79
2025-07-08 22:35:47 - [INFO]: User logged in: shuvams302@gmail.com
2025-07-08 22:37:49 - [ERROR]: Error adding address: Cannot read properties of undefined (reading '_id')
2025-07-08 22:38:20 - [ERROR]: Error adding address: User is not defined
2025-07-08 22:39:26 - [ERROR]: Error adding address: User is not defined
2025-07-08 22:40:52 - [INFO]: Address added for user 686cd35e4299051faa1f4b79
2025-07-08 22:44:07 - [INFO]: Address added for user 686cd35e4299051faa1f4b79
2025-07-08 22:54:41 - [INFO]: Address added for user 686cd35e4299051faa1f4b79
2025-07-08 23:00:26 - [INFO]: Default Address set for user 686cd35e4299051faa1f4b79
2025-07-09 01:08:22 - [INFO]: User logged in: superadmin@greenbasket.com
2025-07-09 01:14:16 - [INFO]: New admin created by admin : 686d7510ba54b5c95b11d2a3
2025-07-09 01:17:27 - [INFO]: Existing user upgraded to admin : 686cd35e4299051faa1f4b79
2025-07-09 01:17:28 - [ERROR]: Error in creating new Admin : E11000 duplicate key error collection: greenBasket.users index: email_1 dup key: { email: "shuvams302@gmail.com" }
2025-07-09 01:29:22 - [ERROR]: Error in deleting admin: Cast to ObjectId failed for value "{ adminId: '686d7510ba54b5c95b11d2a3' }" (type Object) at path "_id" for model "User"
2025-07-09 01:30:02 - [INFO]: Admin deleted successfully : 686d7510ba54b5c95b11d2a3
2025-07-09 22:07:39 - [INFO]: User logged in: superadmin@greenbasket.com
2025-07-09 22:12:40 - [ERROR]: Error in creating product : Product validation failed: category: Cast to ObjectId failed for value "64abc123" (type string) at path "category" because of "BSONError"
2025-07-09 23:34:05 - [INFO]: Category created : 686eaf159961cf344530f4ed
2025-07-09 23:37:34 - [INFO]: product created : 686eafe69961cf344530f4f0
2025-07-09 23:43:30 - [INFO]: product created : 686eb14a26f4c085af827ccc
2025-07-09 23:57:17 - [ERROR]: Error fetching categories: category is not defined
