2025-08-12 00:00:48 - [INFO]: Fetched user data successfully for user ID - 688f7e5bff4c0884575b2ef6
2025-08-12 00:00:49 - [INFO]: Fetched user data successfully for user ID - 688f7e5bff4c0884575b2ef6
2025-08-12 00:02:39 - [INFO]: Fetched user data successfully for user ID - 688f7e5bff4c0884575b2ef6
2025-08-12 00:02:40 - [INFO]: Fetched user data successfully for user ID - 688f7e5bff4c0884575b2ef6
2025-08-12 11:16:02 - [INFO]: User Registered Successfully - shuvams302@gmail.com
2025-08-12 11:16:18 - [INFO]: OTP sent to +919153347189
2025-08-12 11:17:56 - [INFO]: User verified successfully: shuvams302@gmail.com
2025-08-12 11:17:56 - [INFO]: Fetched user data successfully for user ID - 689ad51a37f0fd6a5f21957a
2025-08-12 11:17:56 - [INFO]: Fetched user data successfully for user ID - 689ad51a37f0fd6a5f21957a
2025-08-12 11:17:57 - [INFO]: Fetched user data successfully for user ID - 689ad51a37f0fd6a5f21957a
2025-08-12 11:21:55 - [INFO]: Fetched user data successfully for user ID - 689ad51a37f0fd6a5f21957a
2025-08-12 11:22:19 - [INFO]: Fetched user data successfully for user ID - 689ad51a37f0fd6a5f21957a
2025-08-12 11:22:42 - [INFO]: Fetched user data successfully for user ID - 689ad51a37f0fd6a5f21957a
2025-08-12 11:22:42 - [INFO]: Fetched user data successfully for user ID - 689ad51a37f0fd6a5f21957a
2025-08-12 11:22:46 - [INFO]: OTP sent to +919153347189
2025-08-12 11:30:49 - [INFO]: Fetched user data successfully for user ID - 689ad51a37f0fd6a5f21957a
2025-08-12 11:30:52 - [INFO]: Fetched user data successfully for user ID - 689ad51a37f0fd6a5f21957a
2025-08-12 11:36:57 - [INFO]: Fetched user data successfully for user ID - 689ad51a37f0fd6a5f21957a
2025-08-12 11:36:57 - [INFO]: Fetched user data successfully for user ID - 689ad51a37f0fd6a5f21957a
2025-08-12 11:37:09 - [INFO]: Fetched user data successfully for user ID - 689ad51a37f0fd6a5f21957a
2025-08-12 11:37:09 - [INFO]: Fetched user data successfully for user ID - 689ad51a37f0fd6a5f21957a
2025-08-12 11:39:40 - [INFO]: Fetched user data successfully for user ID - 689ad51a37f0fd6a5f21957a
2025-08-12 11:39:41 - [INFO]: Fetched user data successfully for user ID - 689ad51a37f0fd6a5f21957a
2025-08-12 11:40:07 - [INFO]: Fetched user data successfully for user ID - 689ad51a37f0fd6a5f21957a
2025-08-12 11:40:07 - [INFO]: Fetched user data successfully for user ID - 689ad51a37f0fd6a5f21957a
2025-08-12 11:40:16 - [INFO]: Fetched user data successfully for user ID - 689ad51a37f0fd6a5f21957a
2025-08-12 11:40:16 - [INFO]: Fetched user data successfully for user ID - 689ad51a37f0fd6a5f21957a
2025-08-12 11:40:32 - [INFO]: Fetched user data successfully for user ID - 689ad51a37f0fd6a5f21957a
2025-08-12 11:40:33 - [INFO]: Fetched user data successfully for user ID - 689ad51a37f0fd6a5f21957a
2025-08-12 11:41:28 - [INFO]: Fetched user data successfully for user ID - 689ad51a37f0fd6a5f21957a
2025-08-12 11:41:28 - [INFO]: Fetched user data successfully for user ID - 689ad51a37f0fd6a5f21957a
2025-08-12 11:44:50 - [INFO]: Fetched user data successfully for user ID - 689ad51a37f0fd6a5f21957a
2025-08-12 11:44:50 - [INFO]: Fetched user data successfully for user ID - 689ad51a37f0fd6a5f21957a
2025-08-12 11:44:51 - [INFO]: Fetched user data successfully for user ID - 689ad51a37f0fd6a5f21957a
2025-08-12 11:44:51 - [INFO]: Fetched user data successfully for user ID - 689ad51a37f0fd6a5f21957a
2025-08-12 11:44:51 - [INFO]: Fetched user data successfully for user ID - 689ad51a37f0fd6a5f21957a
2025-08-12 11:45:52 - [INFO]: User logged out
2025-08-12 11:53:50 - [INFO]: Fetched user data successfully for user ID - 689ad51a37f0fd6a5f21957a
