2025-09-07 13:41:53 - [WARN]: Login failed: Invalid password for user - shuvams302@gmail.com
2025-09-07 13:42:15 - [WARN]: Login failed: Invalid password for user - shuvams302@gmail.com
2025-09-07 13:43:21 - [INFO]: User Registered Successfully - shuvams302@gmail.com
2025-09-07 13:43:26 - [ERROR]: OTP send failed: Authenticate
2025-09-07 13:43:37 - [ERROR]: OTP send failed: Authenticate
2025-09-07 13:44:02 - [ERROR]: OTP send failed: Authenticate
2025-09-07 13:46:49 - [ERROR]: OTP send failed: Authenticate
2025-09-07 13:46:55 - [ERROR]: OTP send failed: Authenticate
2025-09-07 13:48:47 - [WARN]: Registration failed : Phone number already used - ${phone}
2025-09-07 13:48:52 - [WARN]: Registration failed : Phone number already used - ${phone}
2025-09-07 13:49:40 - [INFO]: User Registered Successfully - singhyuvraj65035@gmail.com
2025-09-07 13:49:50 - [ERROR]: OTP send failed: Authenticate
2025-09-07 13:50:48 - [ERROR]: OTP send failed: Authenticate
2025-09-07 13:57:24 - [ERROR]: OTP send failed: Authenticate
2025-09-07 14:02:27 - [ERROR]: OTP send failed: Authenticate
2025-09-07 14:46:57 - [INFO]: OTP sent to +919153347189
2025-09-07 14:47:22 - [INFO]: User verified successfully: singhyuvraj65035@gmail.com
2025-09-07 15:01:55 - [INFO]: Fetched user data successfully for user ID - 68bd401cd5e5f8cea6bc9a7a
2025-09-07 15:01:55 - [INFO]: Fetched user data successfully for user ID - 68bd401cd5e5f8cea6bc9a7a
2025-09-07 15:02:27 - [INFO]: Fetched user data successfully for user ID - 68bd401cd5e5f8cea6bc9a7a
2025-09-07 15:02:27 - [INFO]: Fetched user data successfully for user ID - 68bd401cd5e5f8cea6bc9a7a
2025-09-07 15:02:41 - [INFO]: Fetched user data successfully for user ID - 68bd401cd5e5f8cea6bc9a7a
2025-09-07 15:02:41 - [INFO]: Fetched user data successfully for user ID - 68bd401cd5e5f8cea6bc9a7a
2025-09-07 15:02:53 - [INFO]: Fetched user data successfully for user ID - 68bd401cd5e5f8cea6bc9a7a
2025-09-07 15:02:53 - [INFO]: Fetched user data successfully for user ID - 68bd401cd5e5f8cea6bc9a7a
2025-09-07 15:03:52 - [INFO]: Fetched user data successfully for user ID - 68bd401cd5e5f8cea6bc9a7a
2025-09-07 15:03:52 - [INFO]: Fetched user data successfully for user ID - 68bd401cd5e5f8cea6bc9a7a
2025-09-07 15:04:20 - [INFO]: Fetched user data successfully for user ID - 68bd401cd5e5f8cea6bc9a7a
2025-09-07 15:04:21 - [INFO]: Fetched user data successfully for user ID - 68bd401cd5e5f8cea6bc9a7a
2025-09-07 15:05:34 - [INFO]: Fetched user data successfully for user ID - 68bd401cd5e5f8cea6bc9a7a
2025-09-07 15:05:34 - [INFO]: Fetched user data successfully for user ID - 68bd401cd5e5f8cea6bc9a7a
2025-09-07 15:05:43 - [INFO]: Fetched user data successfully for user ID - 68bd401cd5e5f8cea6bc9a7a
2025-09-07 15:05:43 - [INFO]: Fetched user data successfully for user ID - 68bd401cd5e5f8cea6bc9a7a
2025-09-07 15:05:48 - [INFO]: Fetched user data successfully for user ID - 68bd401cd5e5f8cea6bc9a7a
2025-09-07 15:05:48 - [INFO]: Fetched user data successfully for user ID - 68bd401cd5e5f8cea6bc9a7a
2025-09-07 15:06:03 - [INFO]: Fetched user data successfully for user ID - 68bd401cd5e5f8cea6bc9a7a
2025-09-07 15:06:03 - [INFO]: Fetched user data successfully for user ID - 68bd401cd5e5f8cea6bc9a7a
2025-09-07 15:06:04 - [INFO]: Fetched user data successfully for user ID - 68bd401cd5e5f8cea6bc9a7a
2025-09-07 15:06:04 - [INFO]: Fetched user data successfully for user ID - 68bd401cd5e5f8cea6bc9a7a
2025-09-07 15:06:40 - [INFO]: Fetched user data successfully for user ID - 68bd401cd5e5f8cea6bc9a7a
2025-09-07 15:06:40 - [INFO]: Fetched user data successfully for user ID - 68bd401cd5e5f8cea6bc9a7a
2025-09-07 15:06:48 - [INFO]: Fetched user data successfully for user ID - 68bd401cd5e5f8cea6bc9a7a
2025-09-07 15:06:48 - [INFO]: Fetched user data successfully for user ID - 68bd401cd5e5f8cea6bc9a7a
2025-09-07 15:07:04 - [INFO]: Fetched user data successfully for user ID - 68bd401cd5e5f8cea6bc9a7a
2025-09-07 15:07:04 - [INFO]: Fetched user data successfully for user ID - 68bd401cd5e5f8cea6bc9a7a
2025-09-07 15:07:20 - [INFO]: Fetched user data successfully for user ID - 68bd401cd5e5f8cea6bc9a7a
2025-09-07 15:07:20 - [INFO]: Fetched user data successfully for user ID - 68bd401cd5e5f8cea6bc9a7a
2025-09-07 15:07:26 - [INFO]: Fetched user data successfully for user ID - 68bd401cd5e5f8cea6bc9a7a
2025-09-07 15:07:26 - [INFO]: Fetched user data successfully for user ID - 68bd401cd5e5f8cea6bc9a7a
2025-09-07 15:07:59 - [INFO]: Fetched user data successfully for user ID - 68bd401cd5e5f8cea6bc9a7a
2025-09-07 15:07:59 - [INFO]: Fetched user data successfully for user ID - 68bd401cd5e5f8cea6bc9a7a
2025-09-07 15:08:38 - [INFO]: Fetched user data successfully for user ID - 68bd401cd5e5f8cea6bc9a7a
2025-09-07 15:08:38 - [INFO]: Fetched user data successfully for user ID - 68bd401cd5e5f8cea6bc9a7a
2025-09-07 15:08:49 - [INFO]: Fetched user data successfully for user ID - 68bd401cd5e5f8cea6bc9a7a
2025-09-07 15:08:49 - [INFO]: Fetched user data successfully for user ID - 68bd401cd5e5f8cea6bc9a7a
2025-09-07 15:08:53 - [INFO]: Fetched user data successfully for user ID - 68bd401cd5e5f8cea6bc9a7a
2025-09-07 15:08:53 - [INFO]: Fetched user data successfully for user ID - 68bd401cd5e5f8cea6bc9a7a
2025-09-07 15:09:51 - [INFO]: Fetched user data successfully for user ID - 68bd401cd5e5f8cea6bc9a7a
2025-09-07 15:09:51 - [INFO]: Fetched user data successfully for user ID - 68bd401cd5e5f8cea6bc9a7a
2025-09-07 15:10:19 - [INFO]: Fetched user data successfully for user ID - 68bd401cd5e5f8cea6bc9a7a
2025-09-07 15:10:19 - [INFO]: Fetched user data successfully for user ID - 68bd401cd5e5f8cea6bc9a7a
2025-09-07 15:10:30 - [INFO]: Fetched user data successfully for user ID - 68bd401cd5e5f8cea6bc9a7a
2025-09-07 15:10:30 - [INFO]: Fetched user data successfully for user ID - 68bd401cd5e5f8cea6bc9a7a
2025-09-07 15:11:15 - [INFO]: Fetched user data successfully for user ID - 68bd401cd5e5f8cea6bc9a7a
2025-09-07 15:11:15 - [INFO]: Fetched user data successfully for user ID - 68bd401cd5e5f8cea6bc9a7a
2025-09-07 15:11:24 - [INFO]: Fetched user data successfully for user ID - 68bd401cd5e5f8cea6bc9a7a
2025-09-07 15:11:24 - [INFO]: Fetched user data successfully for user ID - 68bd401cd5e5f8cea6bc9a7a
2025-09-07 15:11:55 - [INFO]: Fetched user data successfully for user ID - 68bd401cd5e5f8cea6bc9a7a
2025-09-07 15:11:55 - [INFO]: Fetched user data successfully for user ID - 68bd401cd5e5f8cea6bc9a7a
2025-09-07 15:20:03 - [INFO]: Fetched user data successfully for user ID - 68bd401cd5e5f8cea6bc9a7a
2025-09-07 15:20:03 - [INFO]: Fetched user data successfully for user ID - 68bd401cd5e5f8cea6bc9a7a
2025-09-07 15:25:10 - [INFO]: Fetched user data successfully for user ID - 68bd401cd5e5f8cea6bc9a7a
2025-09-07 15:25:10 - [INFO]: Fetched user data successfully for user ID - 68bd401cd5e5f8cea6bc9a7a
2025-09-07 15:25:20 - [INFO]: Fetched user data successfully for user ID - 68bd401cd5e5f8cea6bc9a7a
2025-09-07 15:25:20 - [INFO]: Fetched user data successfully for user ID - 68bd401cd5e5f8cea6bc9a7a
2025-09-07 15:27:55 - [INFO]: Fetched user data successfully for user ID - 68bd401cd5e5f8cea6bc9a7a
2025-09-07 15:27:55 - [INFO]: Fetched user data successfully for user ID - 68bd401cd5e5f8cea6bc9a7a
2025-09-07 15:28:33 - [INFO]: Fetched user data successfully for user ID - 68bd401cd5e5f8cea6bc9a7a
2025-09-07 15:28:33 - [INFO]: Fetched user data successfully for user ID - 68bd401cd5e5f8cea6bc9a7a
2025-09-07 15:28:48 - [INFO]: Fetched user data successfully for user ID - 68bd401cd5e5f8cea6bc9a7a
2025-09-07 15:28:48 - [INFO]: Fetched user data successfully for user ID - 68bd401cd5e5f8cea6bc9a7a
2025-09-07 15:28:57 - [INFO]: Fetched user data successfully for user ID - 68bd401cd5e5f8cea6bc9a7a
2025-09-07 15:28:58 - [INFO]: Fetched user data successfully for user ID - 68bd401cd5e5f8cea6bc9a7a
2025-09-07 15:31:40 - [INFO]: Fetched user data successfully for user ID - 68bd401cd5e5f8cea6bc9a7a
2025-09-07 15:31:40 - [INFO]: Fetched user data successfully for user ID - 68bd401cd5e5f8cea6bc9a7a
2025-09-07 15:31:56 - [INFO]: Fetched user data successfully for user ID - 68bd401cd5e5f8cea6bc9a7a
2025-09-07 15:31:57 - [INFO]: Fetched user data successfully for user ID - 68bd401cd5e5f8cea6bc9a7a
2025-09-07 15:32:04 - [INFO]: Fetched user data successfully for user ID - 68bd401cd5e5f8cea6bc9a7a
2025-09-07 15:32:04 - [INFO]: Fetched user data successfully for user ID - 68bd401cd5e5f8cea6bc9a7a
2025-09-07 15:34:09 - [INFO]: Fetched user data successfully for user ID - 68bd401cd5e5f8cea6bc9a7a
2025-09-07 15:34:09 - [INFO]: Fetched user data successfully for user ID - 68bd401cd5e5f8cea6bc9a7a
2025-09-07 15:34:20 - [INFO]: Fetched user data successfully for user ID - 68bd401cd5e5f8cea6bc9a7a
2025-09-07 15:34:21 - [INFO]: Fetched user data successfully for user ID - 68bd401cd5e5f8cea6bc9a7a
2025-09-07 15:34:47 - [INFO]: Fetched user data successfully for user ID - 68bd401cd5e5f8cea6bc9a7a
2025-09-07 15:34:48 - [INFO]: Fetched user data successfully for user ID - 68bd401cd5e5f8cea6bc9a7a
2025-09-07 15:34:59 - [INFO]: Fetched user data successfully for user ID - 68bd401cd5e5f8cea6bc9a7a
2025-09-07 15:35:00 - [INFO]: Fetched user data successfully for user ID - 68bd401cd5e5f8cea6bc9a7a
2025-09-07 15:44:33 - [INFO]: Fetched user data successfully for user ID - 68bd401cd5e5f8cea6bc9a7a
2025-09-07 15:44:33 - [INFO]: Fetched user data successfully for user ID - 68bd401cd5e5f8cea6bc9a7a
2025-09-07 15:46:27 - [INFO]: Fetched user data successfully for user ID - 68bd401cd5e5f8cea6bc9a7a
2025-09-07 15:46:27 - [INFO]: Fetched user data successfully for user ID - 68bd401cd5e5f8cea6bc9a7a
2025-09-07 15:46:54 - [INFO]: Fetched user data successfully for user ID - 68bd401cd5e5f8cea6bc9a7a
2025-09-07 15:46:54 - [INFO]: Fetched user data successfully for user ID - 68bd401cd5e5f8cea6bc9a7a
2025-09-07 15:47:41 - [INFO]: Fetched user data successfully for user ID - 68bd401cd5e5f8cea6bc9a7a
2025-09-07 15:47:41 - [INFO]: Fetched user data successfully for user ID - 68bd401cd5e5f8cea6bc9a7a
2025-09-07 15:48:38 - [INFO]: Fetched user data successfully for user ID - 68bd401cd5e5f8cea6bc9a7a
2025-09-07 15:48:38 - [INFO]: Fetched user data successfully for user ID - 68bd401cd5e5f8cea6bc9a7a
2025-09-07 15:49:24 - [INFO]: Fetched user data successfully for user ID - 68bd401cd5e5f8cea6bc9a7a
2025-09-07 15:49:25 - [INFO]: Fetched user data successfully for user ID - 68bd401cd5e5f8cea6bc9a7a
2025-09-07 15:49:39 - [INFO]: Fetched user data successfully for user ID - 68bd401cd5e5f8cea6bc9a7a
2025-09-07 15:49:40 - [INFO]: Fetched user data successfully for user ID - 68bd401cd5e5f8cea6bc9a7a
2025-09-07 15:49:48 - [INFO]: Fetched user data successfully for user ID - 68bd401cd5e5f8cea6bc9a7a
2025-09-07 15:49:57 - [INFO]: Fetched user data successfully for user ID - 68bd401cd5e5f8cea6bc9a7a
2025-09-07 15:49:57 - [INFO]: Fetched user data successfully for user ID - 68bd401cd5e5f8cea6bc9a7a
2025-09-07 15:50:13 - [INFO]: Fetched user data successfully for user ID - 68bd401cd5e5f8cea6bc9a7a
2025-09-07 15:50:52 - [INFO]: Fetched user data successfully for user ID - 68bd401cd5e5f8cea6bc9a7a
2025-09-07 15:51:13 - [INFO]: Fetched user data successfully for user ID - 68bd401cd5e5f8cea6bc9a7a
2025-09-07 15:51:16 - [INFO]: Fetched user data successfully for user ID - 68bd401cd5e5f8cea6bc9a7a
2025-09-07 15:51:44 - [INFO]: Fetched user data successfully for user ID - 68bd401cd5e5f8cea6bc9a7a
2025-09-07 15:51:44 - [INFO]: Fetched user data successfully for user ID - 68bd401cd5e5f8cea6bc9a7a
2025-09-07 15:51:56 - [INFO]: Fetched user data successfully for user ID - 68bd401cd5e5f8cea6bc9a7a
2025-09-07 15:51:56 - [INFO]: Fetched user data successfully for user ID - 68bd401cd5e5f8cea6bc9a7a
2025-09-07 15:52:15 - [INFO]: Fetched user data successfully for user ID - 68bd401cd5e5f8cea6bc9a7a
2025-09-07 15:52:20 - [INFO]: Fetched user data successfully for user ID - 68bd401cd5e5f8cea6bc9a7a
2025-09-07 15:52:36 - [INFO]: Fetched user data successfully for user ID - 68bd401cd5e5f8cea6bc9a7a
2025-09-07 15:52:37 - [INFO]: Fetched user data successfully for user ID - 68bd401cd5e5f8cea6bc9a7a
2025-09-07 15:52:48 - [INFO]: Fetched user data successfully for user ID - 68bd401cd5e5f8cea6bc9a7a
2025-09-07 15:52:48 - [INFO]: Fetched user data successfully for user ID - 68bd401cd5e5f8cea6bc9a7a
2025-09-07 15:52:52 - [INFO]: Fetched user data successfully for user ID - 68bd401cd5e5f8cea6bc9a7a
2025-09-07 15:52:52 - [INFO]: Fetched user data successfully for user ID - 68bd401cd5e5f8cea6bc9a7a
2025-09-07 15:53:11 - [INFO]: Fetched user data successfully for user ID - 68bd401cd5e5f8cea6bc9a7a
2025-09-07 15:53:11 - [INFO]: Fetched user data successfully for user ID - 68bd401cd5e5f8cea6bc9a7a
2025-09-07 15:53:24 - [INFO]: Fetched user data successfully for user ID - 68bd401cd5e5f8cea6bc9a7a
2025-09-07 15:53:24 - [INFO]: Fetched user data successfully for user ID - 68bd401cd5e5f8cea6bc9a7a
2025-09-07 15:53:41 - [INFO]: Fetched user data successfully for user ID - 68bd401cd5e5f8cea6bc9a7a
2025-09-07 15:53:41 - [INFO]: Fetched user data successfully for user ID - 68bd401cd5e5f8cea6bc9a7a
2025-09-07 15:54:38 - [INFO]: Fetched user data successfully for user ID - 68bd401cd5e5f8cea6bc9a7a
2025-09-07 15:54:38 - [INFO]: Fetched user data successfully for user ID - 68bd401cd5e5f8cea6bc9a7a
2025-09-07 15:54:50 - [INFO]: Fetched user data successfully for user ID - 68bd401cd5e5f8cea6bc9a7a
2025-09-07 15:54:50 - [INFO]: Fetched user data successfully for user ID - 68bd401cd5e5f8cea6bc9a7a
2025-09-07 15:55:20 - [INFO]: Fetched user data successfully for user ID - 68bd401cd5e5f8cea6bc9a7a
2025-09-07 15:55:21 - [INFO]: Fetched user data successfully for user ID - 68bd401cd5e5f8cea6bc9a7a
2025-09-07 15:55:48 - [INFO]: Fetched user data successfully for user ID - 68bd401cd5e5f8cea6bc9a7a
2025-09-07 15:55:49 - [INFO]: Fetched user data successfully for user ID - 68bd401cd5e5f8cea6bc9a7a
2025-09-07 15:55:52 - [INFO]: Fetched user data successfully for user ID - 68bd401cd5e5f8cea6bc9a7a
2025-09-07 15:55:52 - [INFO]: Fetched user data successfully for user ID - 68bd401cd5e5f8cea6bc9a7a
2025-09-07 15:56:12 - [INFO]: Fetched user data successfully for user ID - 68bd401cd5e5f8cea6bc9a7a
2025-09-07 15:56:12 - [INFO]: Fetched user data successfully for user ID - 68bd401cd5e5f8cea6bc9a7a
2025-09-07 16:01:07 - [INFO]: Fetched user data successfully for user ID - 68bd401cd5e5f8cea6bc9a7a
2025-09-07 16:01:07 - [INFO]: Fetched user data successfully for user ID - 68bd401cd5e5f8cea6bc9a7a
2025-09-07 16:04:34 - [INFO]: Fetched user data successfully for user ID - 68bd401cd5e5f8cea6bc9a7a
2025-09-07 16:04:35 - [INFO]: Fetched user data successfully for user ID - 68bd401cd5e5f8cea6bc9a7a
2025-09-07 16:04:36 - [INFO]: Fetched user data successfully for user ID - 68bd401cd5e5f8cea6bc9a7a
2025-09-07 16:04:37 - [INFO]: Fetched user data successfully for user ID - 68bd401cd5e5f8cea6bc9a7a
2025-09-07 16:07:44 - [INFO]: Fetched user data successfully for user ID - 68bd401cd5e5f8cea6bc9a7a
2025-09-07 16:07:44 - [INFO]: Fetched user data successfully for user ID - 68bd401cd5e5f8cea6bc9a7a
2025-09-07 16:07:53 - [INFO]: Fetched user data successfully for user ID - 68bd401cd5e5f8cea6bc9a7a
2025-09-07 16:07:54 - [INFO]: Fetched user data successfully for user ID - 68bd401cd5e5f8cea6bc9a7a
2025-09-07 16:08:36 - [INFO]: Fetched user data successfully for user ID - 68bd401cd5e5f8cea6bc9a7a
2025-09-07 16:08:36 - [INFO]: Fetched user data successfully for user ID - 68bd401cd5e5f8cea6bc9a7a
2025-09-07 16:10:00 - [INFO]: Fetched user data successfully for user ID - 68bd401cd5e5f8cea6bc9a7a
2025-09-07 16:10:00 - [INFO]: Fetched user data successfully for user ID - 68bd401cd5e5f8cea6bc9a7a
2025-09-07 16:11:06 - [INFO]: Fetched user data successfully for user ID - 68bd401cd5e5f8cea6bc9a7a
2025-09-07 16:11:06 - [INFO]: Fetched user data successfully for user ID - 68bd401cd5e5f8cea6bc9a7a
2025-09-07 16:11:19 - [INFO]: Fetched user data successfully for user ID - 68bd401cd5e5f8cea6bc9a7a
2025-09-07 16:11:19 - [INFO]: Fetched user data successfully for user ID - 68bd401cd5e5f8cea6bc9a7a
2025-09-07 16:11:32 - [INFO]: Fetched user data successfully for user ID - 68bd401cd5e5f8cea6bc9a7a
2025-09-07 16:11:32 - [INFO]: Fetched user data successfully for user ID - 68bd401cd5e5f8cea6bc9a7a
2025-09-07 16:11:54 - [INFO]: Fetched user data successfully for user ID - 68bd401cd5e5f8cea6bc9a7a
2025-09-07 16:11:54 - [INFO]: Fetched user data successfully for user ID - 68bd401cd5e5f8cea6bc9a7a
2025-09-07 16:11:57 - [INFO]: Fetched user data successfully for user ID - 68bd401cd5e5f8cea6bc9a7a
2025-09-07 16:11:57 - [INFO]: Fetched user data successfully for user ID - 68bd401cd5e5f8cea6bc9a7a
2025-09-07 16:14:40 - [INFO]: Fetched user data successfully for user ID - 68bd401cd5e5f8cea6bc9a7a
2025-09-07 16:14:40 - [INFO]: Fetched user data successfully for user ID - 68bd401cd5e5f8cea6bc9a7a
2025-09-07 16:14:47 - [INFO]: Fetched user data successfully for user ID - 68bd401cd5e5f8cea6bc9a7a
2025-09-07 16:14:47 - [INFO]: Fetched user data successfully for user ID - 68bd401cd5e5f8cea6bc9a7a
2025-09-07 16:14:58 - [INFO]: Fetched user data successfully for user ID - 68bd401cd5e5f8cea6bc9a7a
2025-09-07 16:14:58 - [INFO]: Fetched user data successfully for user ID - 68bd401cd5e5f8cea6bc9a7a
2025-09-07 16:15:26 - [INFO]: Fetched user data successfully for user ID - 68bd401cd5e5f8cea6bc9a7a
2025-09-07 16:15:32 - [INFO]: Fetched user data successfully for user ID - 68bd401cd5e5f8cea6bc9a7a
2025-09-07 16:15:32 - [INFO]: Fetched user data successfully for user ID - 68bd401cd5e5f8cea6bc9a7a
2025-09-07 16:15:40 - [INFO]: Fetched user data successfully for user ID - 68bd401cd5e5f8cea6bc9a7a
2025-09-07 16:16:01 - [INFO]: Fetched user data successfully for user ID - 68bd401cd5e5f8cea6bc9a7a
2025-09-07 16:16:01 - [INFO]: Fetched user data successfully for user ID - 68bd401cd5e5f8cea6bc9a7a
2025-09-07 16:16:31 - [INFO]: Fetched user data successfully for user ID - 68bd401cd5e5f8cea6bc9a7a
2025-09-07 16:17:10 - [INFO]: Fetched user data successfully for user ID - 68bd401cd5e5f8cea6bc9a7a
2025-09-07 16:18:51 - [INFO]: Fetched user data successfully for user ID - 68bd401cd5e5f8cea6bc9a7a
2025-09-07 16:18:52 - [INFO]: Fetched user data successfully for user ID - 68bd401cd5e5f8cea6bc9a7a
2025-09-07 16:19:10 - [INFO]: Fetched user data successfully for user ID - 68bd401cd5e5f8cea6bc9a7a
2025-09-07 16:19:11 - [INFO]: Fetched user data successfully for user ID - 68bd401cd5e5f8cea6bc9a7a
2025-09-07 16:19:21 - [INFO]: Fetched user data successfully for user ID - 68bd401cd5e5f8cea6bc9a7a
2025-09-07 16:19:21 - [INFO]: Fetched user data successfully for user ID - 68bd401cd5e5f8cea6bc9a7a
2025-09-07 16:21:25 - [INFO]: Fetched user data successfully for user ID - 68bd401cd5e5f8cea6bc9a7a
2025-09-07 16:21:25 - [INFO]: Fetched user data successfully for user ID - 68bd401cd5e5f8cea6bc9a7a
2025-09-07 16:21:44 - [INFO]: Fetched user data successfully for user ID - 68bd401cd5e5f8cea6bc9a7a
2025-09-07 16:21:44 - [INFO]: Fetched user data successfully for user ID - 68bd401cd5e5f8cea6bc9a7a
2025-09-07 16:21:59 - [INFO]: Fetched user data successfully for user ID - 68bd401cd5e5f8cea6bc9a7a
2025-09-07 16:22:00 - [INFO]: Fetched user data successfully for user ID - 68bd401cd5e5f8cea6bc9a7a
2025-09-07 16:24:42 - [INFO]: Fetched user data successfully for user ID - 68bd401cd5e5f8cea6bc9a7a
2025-09-07 16:24:42 - [INFO]: Fetched user data successfully for user ID - 68bd401cd5e5f8cea6bc9a7a
2025-09-07 16:25:15 - [INFO]: Fetched user data successfully for user ID - 68bd401cd5e5f8cea6bc9a7a
2025-09-07 16:25:15 - [INFO]: Fetched user data successfully for user ID - 68bd401cd5e5f8cea6bc9a7a
2025-09-07 16:25:44 - [INFO]: Fetched user data successfully for user ID - 68bd401cd5e5f8cea6bc9a7a
2025-09-07 16:25:44 - [INFO]: Fetched user data successfully for user ID - 68bd401cd5e5f8cea6bc9a7a
2025-09-07 16:26:07 - [INFO]: Fetched user data successfully for user ID - 68bd401cd5e5f8cea6bc9a7a
2025-09-07 16:26:07 - [INFO]: Fetched user data successfully for user ID - 68bd401cd5e5f8cea6bc9a7a
2025-09-07 16:26:33 - [INFO]: Fetched user data successfully for user ID - 68bd401cd5e5f8cea6bc9a7a
2025-09-07 16:26:33 - [INFO]: Fetched user data successfully for user ID - 68bd401cd5e5f8cea6bc9a7a
2025-09-07 16:27:13 - [INFO]: Fetched user data successfully for user ID - 68bd401cd5e5f8cea6bc9a7a
2025-09-07 16:27:13 - [INFO]: Fetched user data successfully for user ID - 68bd401cd5e5f8cea6bc9a7a
2025-09-07 16:28:15 - [INFO]: Fetched user data successfully for user ID - 68bd401cd5e5f8cea6bc9a7a
2025-09-07 16:28:15 - [INFO]: Fetched user data successfully for user ID - 68bd401cd5e5f8cea6bc9a7a
2025-09-07 16:28:26 - [INFO]: Fetched user data successfully for user ID - 68bd401cd5e5f8cea6bc9a7a
2025-09-07 16:28:26 - [INFO]: Fetched user data successfully for user ID - 68bd401cd5e5f8cea6bc9a7a
2025-09-07 16:29:22 - [INFO]: Fetched user data successfully for user ID - 68bd401cd5e5f8cea6bc9a7a
2025-09-07 16:29:22 - [INFO]: Fetched user data successfully for user ID - 68bd401cd5e5f8cea6bc9a7a
2025-09-07 16:34:05 - [INFO]: Fetched user data successfully for user ID - 68bd401cd5e5f8cea6bc9a7a
2025-09-07 16:34:16 - [INFO]: Fetched user data successfully for user ID - 68bd401cd5e5f8cea6bc9a7a
2025-09-07 16:34:34 - [INFO]: Fetched user data successfully for user ID - 68bd401cd5e5f8cea6bc9a7a
2025-09-07 16:34:34 - [INFO]: Fetched user data successfully for user ID - 68bd401cd5e5f8cea6bc9a7a
2025-09-07 16:34:53 - [INFO]: Fetched user data successfully for user ID - 68bd401cd5e5f8cea6bc9a7a
2025-09-07 16:36:40 - [INFO]: Fetched user data successfully for user ID - 68bd401cd5e5f8cea6bc9a7a
2025-09-07 16:36:40 - [INFO]: Fetched user data successfully for user ID - 68bd401cd5e5f8cea6bc9a7a
2025-09-07 16:37:03 - [INFO]: Fetched user data successfully for user ID - 68bd401cd5e5f8cea6bc9a7a
2025-09-07 16:37:03 - [INFO]: Fetched user data successfully for user ID - 68bd401cd5e5f8cea6bc9a7a
2025-09-07 16:38:47 - [INFO]: Fetched user data successfully for user ID - 68bd401cd5e5f8cea6bc9a7a
2025-09-07 16:38:51 - [INFO]: Fetched user data successfully for user ID - 68bd401cd5e5f8cea6bc9a7a
2025-09-07 16:39:00 - [INFO]: Fetched user data successfully for user ID - 68bd401cd5e5f8cea6bc9a7a
2025-09-07 16:39:00 - [INFO]: Fetched user data successfully for user ID - 68bd401cd5e5f8cea6bc9a7a
2025-09-07 16:39:21 - [INFO]: Fetched user data successfully for user ID - 68bd401cd5e5f8cea6bc9a7a
2025-09-07 16:39:21 - [INFO]: Fetched user data successfully for user ID - 68bd401cd5e5f8cea6bc9a7a
2025-09-07 16:40:09 - [INFO]: Fetched user data successfully for user ID - 68bd401cd5e5f8cea6bc9a7a
2025-09-07 16:40:09 - [INFO]: Fetched user data successfully for user ID - 68bd401cd5e5f8cea6bc9a7a
2025-09-07 16:41:27 - [INFO]: Fetched user data successfully for user ID - 68bd401cd5e5f8cea6bc9a7a
2025-09-07 16:41:31 - [INFO]: Fetched user data successfully for user ID - 68bd401cd5e5f8cea6bc9a7a
2025-09-07 16:51:49 - [INFO]: Fetched user data successfully for user ID - 68bd401cd5e5f8cea6bc9a7a
2025-09-07 16:51:50 - [INFO]: Fetched user data successfully for user ID - 68bd401cd5e5f8cea6bc9a7a
2025-09-07 17:50:14 - [INFO]: Fetched user data successfully for user ID - 68bd401cd5e5f8cea6bc9a7a
2025-09-07 17:50:15 - [INFO]: Fetched user data successfully for user ID - 68bd401cd5e5f8cea6bc9a7a
2025-09-07 17:50:41 - [INFO]: Fetched user data successfully for user ID - 68bd401cd5e5f8cea6bc9a7a
2025-09-07 17:50:42 - [INFO]: Fetched user data successfully for user ID - 68bd401cd5e5f8cea6bc9a7a
2025-09-07 17:50:50 - [INFO]: Fetched user data successfully for user ID - 68bd401cd5e5f8cea6bc9a7a
2025-09-07 17:50:50 - [INFO]: Fetched user data successfully for user ID - 68bd401cd5e5f8cea6bc9a7a
2025-09-07 17:50:58 - [INFO]: Fetched user data successfully for user ID - 68bd401cd5e5f8cea6bc9a7a
2025-09-07 17:51:00 - [INFO]: Fetched user data successfully for user ID - 68bd401cd5e5f8cea6bc9a7a
2025-09-07 17:51:08 - [INFO]: Fetched user data successfully for user ID - 68bd401cd5e5f8cea6bc9a7a
2025-09-07 17:51:08 - [INFO]: Fetched user data successfully for user ID - 68bd401cd5e5f8cea6bc9a7a
2025-09-07 17:53:17 - [INFO]: Fetched user data successfully for user ID - 68bd401cd5e5f8cea6bc9a7a
2025-09-07 17:53:17 - [INFO]: Fetched user data successfully for user ID - 68bd401cd5e5f8cea6bc9a7a
2025-09-07 17:54:22 - [INFO]: Fetched user data successfully for user ID - 68bd401cd5e5f8cea6bc9a7a
2025-09-07 17:56:11 - [INFO]: Fetched user data successfully for user ID - 68bd401cd5e5f8cea6bc9a7a
