2025-07-08 11:55:45 - [INFO]: Fetched user data successfully for user ID - 6860f53e0635b007839ed016
2025-07-08 11:55:45 - [INFO]: Fetched user data successfully for user ID - 6860f53e0635b007839ed016
2025-07-08 11:55:49 - [INFO]: Fetched user data successfully for user ID - 6860f53e0635b007839ed016
2025-07-08 11:55:49 - [INFO]: Fetched user data successfully for user ID - 6860f53e0635b007839ed016
2025-07-08 11:58:37 - [INFO]: Fetched user data successfully for user ID - 6860f53e0635b007839ed016
2025-07-08 11:58:37 - [INFO]: Fetched user data successfully for user ID - 6860f53e0635b007839ed016
2025-07-08 11:59:11 - [INFO]: Fetched user data successfully for user ID - 6860f53e0635b007839ed016
2025-07-08 11:59:11 - [INFO]: Fetched user data successfully for user ID - 6860f53e0635b007839ed016
2025-07-08 12:01:32 - [INFO]: Fetched user data successfully for user ID - 6860f53e0635b007839ed016
2025-07-08 12:01:33 - [INFO]: Fetched user data successfully for user ID - 6860f53e0635b007839ed016
2025-07-08 12:04:03 - [INFO]: User logged out
2025-07-08 12:14:58 - [INFO]: User logged in: shuvams302@gmail.com
2025-07-08 12:15:13 - [INFO]: User logged out
2025-07-08 12:15:49 - [WARN]: Login failed: Invalid password for user - shuvams302@gmail.com
2025-07-08 12:15:58 - [INFO]: User logged in: shuvams302@gmail.com
2025-07-08 13:35:02 - [INFO]: User logged in: shuvams302@gmail.com
2025-07-08 13:37:35 - [INFO]: Fetched user data successfully for user ID - 6860f53e0635b007839ed016
2025-07-08 13:40:19 - [ERROR]: Error in deleting user account Cannot read properties of undefined (reading 'id')
2025-07-08 13:42:49 - [INFO]: user account deleted 6860f53e0635b007839ed016
2025-07-08 13:44:23 - [INFO]: User Registered Successfully - shuvams302@gmail.com
2025-07-08 13:44:32 - [INFO]: OTP sent to +919153347189
2025-07-08 13:44:57 - [INFO]: User verified successfully: shuvams302@gmail.com
